LLVM ERROR: Cannot select: intrinsic %llvm.amdgcn.wmma.f32.16x16x16.bf16
Please submit a bug report to https://github.com/modular/modular/issues and include the crash backtrace along with all the relevant source codes.
Stack dump:
0.	Running pass 'CallGraph Pass Manager' on module 'exp3c_wmma_probe.mojo'.
1.	Running pass 'AMDGPU DAG->DAG Pattern Instruction Selection' on function '@exp3c_wmma_probe_wmma_probe_U6A6AoA6A6A_e8d2e1bb98128154'
[2479765:2479766:20260712,210734.549341:ERROR directory_reader_posix.cc:42] opendir /home/nikocloud/projects/hephaestus-wmma-nightly/.pixi/envs/default/share/max/crashdb/attachments/4d90540e-7c53-4792-ab89-bbdf8d8a1787: No such file or directory (2)
 #0 0x000056210c019b3e (/home/nikocloud/projects/hephaestus-wmma-nightly/.pixi/envs/default/bin/mojo+0x82c0b3e)
 #1 0x000056210c016b9e (/home/nikocloud/projects/hephaestus-wmma-nightly/.pixi/envs/default/bin/mojo+0x82bdb9e)
 #2 0x000056210c01a930 (/home/nikocloud/projects/hephaestus-wmma-nightly/.pixi/envs/default/bin/mojo+0x82c1930)
 #3 0x00007f441c6448f0 (/usr/lib/libc.so.6+0x448f0)
 #4 0x00007f441c74751d syscall (/usr/lib/libc.so.6+0x14751d)
 #5 0x00007f441ff82eec (/home/nikocloud/projects/hephaestus-wmma-nightly/.pixi/envs/default/bin/../lib/libAsyncRTMojoBindings.so+0xf9eec)
 #6 0x00007f441c6448f0 (/usr/lib/libc.so.6+0x448f0)
 #7 0x00007f441c6adcbb pthread_kill (/usr/lib/libc.so.6+0xadcbb)
 #8 0x00007f441c6447c8 raise (/usr/lib/libc.so.6+0x447c8)
 #9 0x00007f441c6257b5 abort (/usr/lib/libc.so.6+0x257b5)
#10 0x000056210bfdaac9 (/home/nikocloud/projects/hephaestus-wmma-nightly/.pixi/envs/default/bin/mojo+0x8281ac9)
#11 0x000056210aaa67a4 (/home/nikocloud/projects/hephaestus-wmma-nightly/.pixi/envs/default/bin/mojo+0x6d4d7a4)
#12 0x000056210aaa5ec6 (/home/nikocloud/projects/hephaestus-wmma-nightly/.pixi/envs/default/bin/mojo+0x6d4cec6)
#13 0x0000562109628c17 (/home/nikocloud/projects/hephaestus-wmma-nightly/.pixi/envs/default/bin/mojo+0x58cfc17)
#14 0x000056210aa9d39c (/home/nikocloud/projects/hephaestus-wmma-nightly/.pixi/envs/default/bin/mojo+0x6d4439c)
#15 0x000056210aa9ca98 (/home/nikocloud/projects/hephaestus-wmma-nightly/.pixi/envs/default/bin/mojo+0x6d43a98)
#16 0x000056210aa9c274 (/home/nikocloud/projects/hephaestus-wmma-nightly/.pixi/envs/default/bin/mojo+0x6d43274)
#17 0x000056210aa9a0b5 (/home/nikocloud/projects/hephaestus-wmma-nightly/.pixi/envs/default/bin/mojo+0x6d410b5)
#18 0x0000562109623bb7 (/home/nikocloud/projects/hephaestus-wmma-nightly/.pixi/envs/default/bin/mojo+0x58cabb7)
#19 0x000056210aa98360 (/home/nikocloud/projects/hephaestus-wmma-nightly/.pixi/envs/default/bin/mojo+0x6d3f360)
#20 0x000056210a71e8f6 (/home/nikocloud/projects/hephaestus-wmma-nightly/.pixi/envs/default/bin/mojo+0x69c58f6)
#21 0x000056210beb0d2f (/home/nikocloud/projects/hephaestus-wmma-nightly/.pixi/envs/default/bin/mojo+0x8157d2f)
#22 0x000056210b7a1784 (/home/nikocloud/projects/hephaestus-wmma-nightly/.pixi/envs/default/bin/mojo+0x7a48784)
#23 0x000056210beb1891 (/home/nikocloud/projects/hephaestus-wmma-nightly/.pixi/envs/default/bin/mojo+0x8158891)
#24 0x0000562107e72c92 (/home/nikocloud/projects/hephaestus-wmma-nightly/.pixi/envs/default/bin/mojo+0x4119c92)
#25 0x0000562107e79eba (/home/nikocloud/projects/hephaestus-wmma-nightly/.pixi/envs/default/bin/mojo+0x4120eba)
#26 0x0000562107e7cc9f (/home/nikocloud/projects/hephaestus-wmma-nightly/.pixi/envs/default/bin/mojo+0x4123c9f)
#27 0x0000562107e799d3 (/home/nikocloud/projects/hephaestus-wmma-nightly/.pixi/envs/default/bin/mojo+0x41209d3)
#28 0x00007f441ff3f18b (/home/nikocloud/projects/hephaestus-wmma-nightly/.pixi/envs/default/bin/../lib/libAsyncRTMojoBindings.so+0xb618b)
#29 0x00007f441ff3ecd5 (/home/nikocloud/projects/hephaestus-wmma-nightly/.pixi/envs/default/bin/../lib/libAsyncRTMojoBindings.so+0xb5cd5)
#30 0x00007f441c6aba58 (/usr/lib/libc.so.6+0xaba58)
#31 0x00007f441c749fdc (/usr/lib/libc.so.6+0x149fdc)
