[2479887:2479888:20260712,210737.091975:ERROR file_io_posix.cc:152] open /home/nikocloud/projects/hephaestus-wmma-nightly/.pixi/envs/default/share/max/crashdb/pending/4d90540e-7c53-4792-ab89-bbdf8d8a1787.lock: File exists (17)
LLVM ERROR: Do not know how to split this operator's operand!

Please submit a bug report to https://github.com/modular/modular/issues and include the crash backtrace along with all the relevant source codes.
Stack dump:
0.	Program arguments: /home/nikocloud/projects/hephaestus-wmma-nigh[2479887:2479888:20260712,210738.747754:ERROR directory_reader_posix.cc:42] opendir /home/nikocloud/projects/hephaestus-wmma-nightly/.pixi/envs/default/share/max/crashdb/attachments/4fe00e23-8bee-4458-883d-5de0a92586a7: No such file or directory (2)
tly/.pixi/envs/default/bin/mojo build /home/nikocloud/projects/hephaestus/experiments/exp3f_fp8_wmma_probe.mojo -o /tmp/exp3f_wmma_fp8_bin
1.	Running pass 'CallGraph Pass Manager' on module 'exp3f_fp8_wmma_probe.mojo'.
2.	Running pass 'AMDGPU DAG->DAG Pattern Instruction Selection' on function '@exp3f_fp8_wmma_probe_fp8_wmma_p6A6A_b807dc2906782c4b'
 #0 0x0000564fcef90b3e (/home/nikocloud/projects/hephaestus-wmma-nightly/.pixi/envs/default/bin/mojo+0x82c0b3e)
 #1 0x0000564fcef8db9e (/home/nikocloud/projects/hephaestus-wmma-nightly/.pixi/envs/default/bin/mojo+0x82bdb9e)
 #2 0x0000564fcef91930 (/home/nikocloud/projects/hephaestus-wmma-nightly/.pixi/envs/default/bin/mojo+0x82c1930)
 #3 0x00007efcb62448f0 (/usr/lib/libc.so.6+0x448f0)
 #4 0x00007efcb634751d syscall (/usr/lib/libc.so.6+0x14751d)
 #5 0x00007efcb8bcdeec (/home/nikocloud/projects/hephaestus-wmma-nightly/.pixi/envs/default/bin/../lib/libAsyncRTMojoBindings.so+0xf9eec)
 #6 0x00007efcb62448f0 (/usr/lib/libc.so.6+0x448f0)
 #7 0x00007efcb62adcbb pthread_kill (/usr/lib/libc.so.6+0xadcbb)
 #8 0x00007efcb62447c8 raise (/usr/lib/libc.so.6+0x447c8)
 #9 0x00007efcb62257b5 abort (/usr/lib/libc.so.6+0x257b5)
#10 0x0000564fcef51ac9 (/home/nikocloud/projects/hephaestus-wmma-nightly/.pixi/envs/default/bin/mojo+0x8281ac9)
#11 0x0000564fcef518f9 (/home/nikocloud/projects/hephaestus-wmma-nightly/.pixi/envs/default/bin/mojo+0x82818f9)
#12 0x0000564fcda8abf1 (/home/nikocloud/projects/hephaestus-wmma-nightly/.pixi/envs/default/bin/mojo+0x6dbabf1)
#13 0x0000564fcda40b62 (/home/nikocloud/projects/hephaestus-wmma-nightly/.pixi/envs/default/bin/mojo+0x6d70b62)
#14 0x0000564fcda4462d (/home/nikocloud/projects/hephaestus-wmma-nightly/.pixi/envs/default/bin/mojo+0x6d7462d)
#15 0x0000564fcda136ab (/home/nikocloud/projects/hephaestus-wmma-nightly/.pixi/envs/default/bin/mojo+0x6d436ab)
#16 0x0000564fcda13274 (/home/nikocloud/projects/hephaestus-wmma-nightly/.pixi/envs/default/bin/mojo+0x6d43274)
#17 0x0000564fcda110b5 (/home/nikocloud/projects/hephaestus-wmma-nightly/.pixi/envs/default/bin/mojo+0x6d410b5)
#18 0x0000564fcc59abb7 (/home/nikocloud/projects/hephaestus-wmma-nightly/.pixi/envs/default/bin/mojo+0x58cabb7)
#19 0x0000564fcda0f360 (/home/nikocloud/projects/hephaestus-wmma-nightly/.pixi/envs/default/bin/mojo+0x6d3f360)
#20 0x0000564fcd6958f6 (/home/nikocloud/projects/hephaestus-wmma-nightly/.pixi/envs/default/bin/mojo+0x69c58f6)
#21 0x0000564fcee27d2f (/home/nikocloud/projects/hephaestus-wmma-nightly/.pixi/envs/default/bin/mojo+0x8157d2f)
#22 0x0000564fce718784 (/home/nikocloud/projects/hephaestus-wmma-nightly/.pixi/envs/default/bin/mojo+0x7a48784)
#23 0x0000564fcee28891 (/home/nikocloud/projects/hephaestus-wmma-nightly/.pixi/envs/default/bin/mojo+0x8158891)
#24 0x0000564fcade9c92 (/home/nikocloud/projects/hephaestus-wmma-nightly/.pixi/envs/default/bin/mojo+0x4119c92)
#25 0x0000564fcadf0eba (/home/nikocloud/projects/hephaestus-wmma-nightly/.pixi/envs/default/bin/mojo+0x4120eba)
#26 0x0000564fcadf3c9f (/home/nikocloud/projects/hephaestus-wmma-nightly/.pixi/envs/default/bin/mojo+0x4123c9f)
#27 0x0000564fcadf09d3 (/home/nikocloud/projects/hephaestus-wmma-nightly/.pixi/envs/default/bin/mojo+0x41209d3)
#28 0x00007efcb8b8c6a3 (/home/nikocloud/projects/hephaestus-wmma-nightly/.pixi/envs/default/bin/../lib/libAsyncRTMojoBindings.so+0xb86a3)
#29 0x00007efcb8b898f6 (/home/nikocloud/projects/hephaestus-wmma-nightly/.pixi/envs/default/bin/../lib/libAsyncRTMojoBindings.so+0xb58f6)
#30 0x0000564fcaddbf3b (/home/nikocloud/projects/hephaestus-wmma-nightly/.pixi/envs/default/bin/mojo+0x410bf3b)
#31 0x0000564fcae55936 (/home/nikocloud/projects/hephaestus-wmma-nightly/.pixi/envs/default/bin/mojo+0x4185936)
#32 0x0000564fcaee7e15 (/home/nikocloud/projects/hephaestus-wmma-nightly/.pixi/envs/default/bin/mojo+0x4217e15)
#33 0x0000564fcaef7893 (/home/nikocloud/projects/hephaestus-wmma-nightly/.pixi/envs/default/bin/mojo+0x4227893)
#34 0x0000564fce67ab5b (/home/nikocloud/projects/hephaestus-wmma-nightly/.pixi/envs/default/bin/mojo+0x79aab5b)
#35 0x0000564fce67d740 (/home/nikocloud/projects/hephaestus-wmma-nightly/.pixi/envs/default/bin/mojo+0x79ad740)
#36 0x0000564fcb47e418 (/home/nikocloud/projects/hephaestus-wmma-nightly/.pixi/envs/default/bin/mojo+0x47ae418)
#37 0x0000564fcade06e3 (/home/nikocloud/projects/hephaestus-wmma-nightly/.pixi/envs/default/bin/mojo+0x41106e3)
#38 0x0000564fcb47e103 (/home/nikocloud/projects/hephaestus-wmma-nightly/.pixi/envs/default/bin/mojo+0x47ae103)
#39 0x0000564fcb47dd18 (/home/nikocloud/projects/hephaestus-wmma-nightly/.pixi/envs/default/bin/mojo+0x47add18)
#40 0x00007efcb8b8c491 (/home/nikocloud/projects/hephaestus-wmma-nightly/.pixi/envs/default/bin/../lib/libAsyncRTMojoBindings.so+0xb8491)
#41 0x00007efcb8b898f6 (/home/nikocloud/projects/hephaestus-wmma-nightly/.pixi/envs/default/bin/../lib/libAsyncRTMojoBindings.so+0xb58f6)
#42 0x0000564fcae590e3 (/home/nikocloud/projects/hephaestus-wmma-nightly/.pixi/envs/default/bin/mojo+0x41890e3)
#43 0x0000564fcae5879d (/home/nikocloud/projects/hephaestus-wmma-nightly/.pixi/envs/default/bin/mojo+0x418879d)
#44 0x0000564fcab92511 (/home/nikocloud/projects/hephaestus-wmma-nightly/.pixi/envs/default/bin/mojo+0x3ec2511)
#45 0x0000564fcab8f687 (/home/nikocloud/projects/hephaestus-wmma-nightly/.pixi/envs/default/bin/mojo+0x3ebf687)
#46 0x00007efcb6227c8e (/usr/lib/libc.so.6+0x27c8e)
#47 0x00007efcb6227dcb __libc_start_main (/usr/lib/libc.so.6+0x27dcb)
#48 0x0000564fcab8efe5 (/home/nikocloud/projects/hephaestus-wmma-nightly/.pixi/envs/default/bin/mojo+0x3ebefe5)
